<?xml version="1.0" encoding="UTF-8"?>
<!-- Generated by org.testng.reporters.JUnitXMLReporter -->
<testsuite ignored="0" hostname="DESKTOP-PU73V0O" failures="0" tests="3" name="Test" time="15.538" errors="0" timestamp="2025-07-15T22:58:41 IST">
  <testcase classname="ui_automations.boardTests" name="boardCreation" time="0.841"/>
  <testcase classname="ui_automations.boardTests" name="addingLists" time="11.244"/>
  <testcase classname="ui_automations.boardTests" name="removeList" time="0.743"/>
</testsuite> <!-- Test -->
